生成启动时间为 2015/5/13 19:25:37。
     1>项目“C:\Users\永东\Desktop\机甲帝国Windows_VS开发包\RobotAIFactory\RobotAIFactory\RobotAIFactory.vcxproj”在节点 2 上(Build 个目标)。
     1>ClCompile:
         E:\Visual Studio\VC\bin\CL.exe /c /I"C:\Users\永东\Desktop\机甲帝国Windows_VS开发包\RobotAIFactory\RobotAIFactory\sys" /Zi /nologo /W3 /WX- /O2 /Oi /Oy- /GL /D WIN32 /D NDEBUG /D _WINDOWS /D _USRDLL /D ROBOTAIFACTORY_EXPORTS /D _WINDLL /D _UNICODE /D UNICODE /Gm- /EHsc /MD /GS /Gy /fp:precise /Zc:wchar_t /Zc:forScope /Fo"Release\\" /Fd"Release\vc120.pdb" /Gd /TP /analyze- /errorReport:prompt myAI\RobotAI.cpp
         RobotAI.cpp
     1>myAI\RobotAI.cpp(75): warning C4244: “参数”: 从“time_t”转换到“unsigned int”，可能丢失数据
         E:\Visual Studio\VC\bin\CL.exe /c /I"C:\Users\永东\Desktop\机甲帝国Windows_VS开发包\RobotAIFactory\RobotAIFactory\sys" /I"C:\Users\永东\Desktop\机甲帝国Windows_VS开发包\RobotAIFactory\RobotAIFactory\sys" /Zi /nologo /W3 /WX- /O2 /Oi /Oy- /GL /D WIN32 /D NDEBUG /D _WINDOWS /D _USRDLL /D ROBOTAIFACTORY_EXPORTS /D _WINDLL /D _UNICODE /D UNICODE /Gm- /EHsc /MD /GS /Gy /fp:precise /Zc:wchar_t /Zc:forScope /Fo"Release\\" /Fd"Release\vc120.pdb" /Gd /TP /analyze- /errorReport:prompt RobotAIFactory.cpp
         RobotAIFactory.cpp
       Link:
         E:\Visual Studio\VC\bin\link.exe /ERRORREPORT:PROMPT /OUT:"C:\Users\永东\Desktop\机甲帝国Windows_VS开发包\RobotAIFactory\Release\RobotAIFactory.dll" /INCREMENTAL:NO /NOLOGO kernel32.lib user32.lib gdi32.lib winspool.lib comdlg32.lib advapi32.lib shell32.lib ole32.lib oleaut32.lib uuid.lib odbc32.lib odbccp32.lib /MANIFEST /MANIFESTUAC:"level='asInvoker' uiAccess='false'" /manifest:embed /DEBUG /PDB:"C:\Users\永东\Desktop\机甲帝国Windows_VS开发包\RobotAIFactory\Release\RobotAIFactory.pdb" /SUBSYSTEM:WINDOWS /OPT:REF /OPT:ICF /LTCG /TLBID:1 /DYNAMICBASE /NXCOMPAT /IMPLIB:"C:\Users\永东\Desktop\机甲帝国Windows_VS开发包\RobotAIFactory\Release\RobotAIFactory.lib" /MACHINE:X86 /SAFESEH /DLL Release\dllmain.obj
         Release\RobotAI.obj
         Release\RobotAIFactory.obj
         Release\GlobalFunction.obj
            正在创建库 C:\Users\永东\Desktop\机甲帝国Windows_VS开发包\RobotAIFactory\Release\RobotAIFactory.lib 和对象 C:\Users\永东\Desktop\机甲帝国Windows_VS开发包\RobotAIFactory\Release\RobotAIFactory.exp
         正在生成代码
     1>c:\users\永东\desktop\机甲帝国windows_vs开发包\robotaifactory\robotaifactory\myai\robotai.cpp(364): warning C4715: “RobotAI::onDodge”: 不是所有的控件路径都返回值
         已完成代码的生成
         RobotAIFactory.vcxproj -> C:\Users\永东\Desktop\机甲帝国Windows_VS开发包\RobotAIFactory\Release\RobotAIFactory.dll
     1>已完成生成项目“C:\Users\永东\Desktop\机甲帝国Windows_VS开发包\RobotAIFactory\RobotAIFactory\RobotAIFactory.vcxproj”(Build 个目标)的操作。

生成成功。

已用时间 00:00:02.20
